[23-Oct-2025 09:43:05 UTC] PHP Parse error:  Unmatched '}' in C:\Users\aurelien.boisselet\Documents\projet_lmc\LEPC\form\wp-content\plugins\lmc-multistep-form\src\form\step_1.php on line 9
[23-Oct-2025 09:55:43 UTC] Automatic updates starting...
[23-Oct-2025 09:55:44 UTC] Automatic updates complete.
[23-Oct-2025 13:32:27 UTC] WordPress database error Table 'lepc.wp_lmc_multistep_submissions' doesn't exist for query SELECT * FROM wp_lmc_multistep_submissions WHERE cookie = 'lmc-multistep-form_20e72dfaf0c5737e58bc1e5fdecb37173d88486106880b1835ce077f4c731016_1761201458' made by require('wp-blog-header.php'), require_once('wp-includes/template-loader.php'), include('wp-includes/template-canvas.php'), get_the_block_template_html, do_blocks, render_block, WP_Block->render, WP_Block->render, WP_Block->render, render_block_core_post_content, apply_filters('the_content'), WP_Hook->apply_filters, do_shortcode, preg_replace_callback, do_shortcode_tag, lmc_multistep_form
[23-Oct-2025 13:32:27 UTC] WordPress database error Table 'lepc.wp_lmc_multistep_submissions' doesn't exist for query SHOW FULL COLUMNS FROM `wp_lmc_multistep_submissions` made by require('wp-blog-header.php'), require_once('wp-includes/template-loader.php'), include('wp-includes/template-canvas.php'), get_the_block_template_html, do_blocks, render_block, WP_Block->render, WP_Block->render, WP_Block->render, render_block_core_post_content, apply_filters('the_content'), WP_Hook->apply_filters, do_shortcode, preg_replace_callback, do_shortcode_tag, lmc_multistep_form
[23-Oct-2025 13:32:27 UTC] WordPress database error Table 'lepc.wp_lmc_multistep_submissions' doesn't exist for query SELECT * FROM wp_lmc_multistep_submissions WHERE cookie = 'lmc-multistep-form_20e72dfaf0c5737e58bc1e5fdecb37173d88486106880b1835ce077f4c731016_1761201458' made by require('wp-blog-header.php'), require_once('wp-includes/template-loader.php'), include('wp-includes/template-canvas.php'), get_the_block_template_html, do_blocks, render_block, WP_Block->render, WP_Block->render, WP_Block->render, render_block_core_post_content, apply_filters('the_content'), WP_Hook->apply_filters, do_shortcode, preg_replace_callback, do_shortcode_tag, lmc_multistep_form
[23-Oct-2025 13:32:27 UTC] PHP Warning:  Undefined array key 0 in C:\Users\aurelien.boisselet\Documents\projet_lmc\LEPC\form\wp-content\plugins\lmc-multistep-form\src\form\step_1.php on line 23
[23-Oct-2025 13:32:27 UTC] PHP Warning:  Attempt to read property "step1_logo" on null in C:\Users\aurelien.boisselet\Documents\projet_lmc\LEPC\form\wp-content\plugins\lmc-multistep-form\src\form\step_1.php on line 23
[23-Oct-2025 13:32:27 UTC] PHP Warning:  Undefined array key 0 in C:\Users\aurelien.boisselet\Documents\projet_lmc\LEPC\form\wp-content\plugins\lmc-multistep-form\src\form\step_1.php on line 37
[23-Oct-2025 13:32:27 UTC] PHP Warning:  Attempt to read property "step1_ca" on null in C:\Users\aurelien.boisselet\Documents\projet_lmc\LEPC\form\wp-content\plugins\lmc-multistep-form\src\form\step_1.php on line 37
[23-Oct-2025 13:32:27 UTC] PHP Warning:  Undefined array key 0 in C:\Users\aurelien.boisselet\Documents\projet_lmc\LEPC\form\wp-content\plugins\lmc-multistep-form\src\form\step_1.php on line 37
[23-Oct-2025 13:32:27 UTC] PHP Warning:  Attempt to read property "step1_ca" on null in C:\Users\aurelien.boisselet\Documents\projet_lmc\LEPC\form\wp-content\plugins\lmc-multistep-form\src\form\step_1.php on line 37
[23-Oct-2025 13:32:27 UTC] PHP Warning:  Undefined array key 0 in C:\Users\aurelien.boisselet\Documents\projet_lmc\LEPC\form\wp-content\plugins\lmc-multistep-form\src\form\step_1.php on line 37
[23-Oct-2025 13:32:27 UTC] PHP Warning:  Attempt to read property "step1_ca" on null in C:\Users\aurelien.boisselet\Documents\projet_lmc\LEPC\form\wp-content\plugins\lmc-multistep-form\src\form\step_1.php on line 37
[23-Oct-2025 13:32:27 UTC] PHP Warning:  Undefined array key 0 in C:\Users\aurelien.boisselet\Documents\projet_lmc\LEPC\form\wp-content\plugins\lmc-multistep-form\src\form\step_1.php on line 37
[23-Oct-2025 13:32:27 UTC] PHP Warning:  Attempt to read property "step1_ca" on null in C:\Users\aurelien.boisselet\Documents\projet_lmc\LEPC\form\wp-content\plugins\lmc-multistep-form\src\form\step_1.php on line 37
[23-Oct-2025 13:32:27 UTC] PHP Warning:  Undefined array key 0 in C:\Users\aurelien.boisselet\Documents\projet_lmc\LEPC\form\wp-content\plugins\lmc-multistep-form\src\form\step_1.php on line 37
[23-Oct-2025 13:32:27 UTC] PHP Warning:  Attempt to read property "step1_ca" on null in C:\Users\aurelien.boisselet\Documents\projet_lmc\LEPC\form\wp-content\plugins\lmc-multistep-form\src\form\step_1.php on line 37
[23-Oct-2025 13:32:27 UTC] PHP Warning:  Undefined array key 0 in C:\Users\aurelien.boisselet\Documents\projet_lmc\LEPC\form\wp-content\plugins\lmc-multistep-form\src\form\step_1.php on line 37
[23-Oct-2025 13:32:27 UTC] PHP Warning:  Attempt to read property "step1_ca" on null in C:\Users\aurelien.boisselet\Documents\projet_lmc\LEPC\form\wp-content\plugins\lmc-multistep-form\src\form\step_1.php on line 37
[23-Oct-2025 13:32:27 UTC] PHP Warning:  Undefined array key 0 in C:\Users\aurelien.boisselet\Documents\projet_lmc\LEPC\form\wp-content\plugins\lmc-multistep-form\src\form\step_1.php on line 55
[23-Oct-2025 13:32:27 UTC] PHP Warning:  Attempt to read property "step1_frais" on null in C:\Users\aurelien.boisselet\Documents\projet_lmc\LEPC\form\wp-content\plugins\lmc-multistep-form\src\form\step_1.php on line 55
[23-Oct-2025 13:32:27 UTC] PHP Warning:  Undefined array key 0 in C:\Users\aurelien.boisselet\Documents\projet_lmc\LEPC\form\wp-content\plugins\lmc-multistep-form\src\form\step_1.php on line 55
[23-Oct-2025 13:32:27 UTC] PHP Warning:  Attempt to read property "step1_frais" on null in C:\Users\aurelien.boisselet\Documents\projet_lmc\LEPC\form\wp-content\plugins\lmc-multistep-form\src\form\step_1.php on line 55
[23-Oct-2025 13:32:27 UTC] PHP Warning:  Undefined array key 0 in C:\Users\aurelien.boisselet\Documents\projet_lmc\LEPC\form\wp-content\plugins\lmc-multistep-form\src\form\step_1.php on line 55
[23-Oct-2025 13:32:27 UTC] PHP Warning:  Attempt to read property "step1_frais" on null in C:\Users\aurelien.boisselet\Documents\projet_lmc\LEPC\form\wp-content\plugins\lmc-multistep-form\src\form\step_1.php on line 55
[23-Oct-2025 13:32:27 UTC] PHP Warning:  Undefined array key 0 in C:\Users\aurelien.boisselet\Documents\projet_lmc\LEPC\form\wp-content\plugins\lmc-multistep-form\src\form\step_1.php on line 55
[23-Oct-2025 13:32:27 UTC] PHP Warning:  Attempt to read property "step1_frais" on null in C:\Users\aurelien.boisselet\Documents\projet_lmc\LEPC\form\wp-content\plugins\lmc-multistep-form\src\form\step_1.php on line 55
[23-Oct-2025 13:32:27 UTC] PHP Warning:  Undefined array key 0 in C:\Users\aurelien.boisselet\Documents\projet_lmc\LEPC\form\wp-content\plugins\lmc-multistep-form\src\form\step_1.php on line 55
[23-Oct-2025 13:32:27 UTC] PHP Warning:  Attempt to read property "step1_frais" on null in C:\Users\aurelien.boisselet\Documents\projet_lmc\LEPC\form\wp-content\plugins\lmc-multistep-form\src\form\step_1.php on line 55
[23-Oct-2025 13:32:27 UTC] PHP Warning:  Undefined array key 0 in C:\Users\aurelien.boisselet\Documents\projet_lmc\LEPC\form\wp-content\plugins\lmc-multistep-form\src\form\step_1.php on line 55
[23-Oct-2025 13:32:27 UTC] PHP Warning:  Attempt to read property "step1_frais" on null in C:\Users\aurelien.boisselet\Documents\projet_lmc\LEPC\form\wp-content\plugins\lmc-multistep-form\src\form\step_1.php on line 55
[23-Oct-2025 13:32:27 UTC] PHP Warning:  Undefined array key 0 in C:\Users\aurelien.boisselet\Documents\projet_lmc\LEPC\form\wp-content\plugins\lmc-multistep-form\src\form\step_1.php on line 69
[23-Oct-2025 13:32:27 UTC] PHP Warning:  Attempt to read property "step1_adherent" on null in C:\Users\aurelien.boisselet\Documents\projet_lmc\LEPC\form\wp-content\plugins\lmc-multistep-form\src\form\step_1.php on line 69
[23-Oct-2025 13:32:27 UTC] PHP Warning:  Undefined array key 0 in C:\Users\aurelien.boisselet\Documents\projet_lmc\LEPC\form\wp-content\plugins\lmc-multistep-form\src\form\step_1.php on line 73
[23-Oct-2025 13:32:27 UTC] PHP Warning:  Attempt to read property "step1_adherent" on null in C:\Users\aurelien.boisselet\Documents\projet_lmc\LEPC\form\wp-content\plugins\lmc-multistep-form\src\form\step_1.php on line 73
[23-Oct-2025 13:32:27 UTC] PHP Warning:  Undefined array key 0 in C:\Users\aurelien.boisselet\Documents\projet_lmc\LEPC\form\wp-content\plugins\lmc-multistep-form\src\form\step_1.php on line 171
[23-Oct-2025 13:32:27 UTC] PHP Warning:  Attempt to read property "step1_activite" on null in C:\Users\aurelien.boisselet\Documents\projet_lmc\LEPC\form\wp-content\plugins\lmc-multistep-form\src\form\step_1.php on line 171
[23-Oct-2025 13:32:27 UTC] PHP Warning:  Undefined array key 0 in C:\Users\aurelien.boisselet\Documents\projet_lmc\LEPC\form\wp-content\plugins\lmc-multistep-form\src\form\step_1.php on line 171
[23-Oct-2025 13:32:27 UTC] PHP Warning:  Attempt to read property "step1_activite" on null in C:\Users\aurelien.boisselet\Documents\projet_lmc\LEPC\form\wp-content\plugins\lmc-multistep-form\src\form\step_1.php on line 171
[23-Oct-2025 13:32:27 UTC] PHP Warning:  Undefined array key 0 in C:\Users\aurelien.boisselet\Documents\projet_lmc\LEPC\form\wp-content\plugins\lmc-multistep-form\src\form\step_1.php on line 171
[23-Oct-2025 13:32:27 UTC] PHP Warning:  Attempt to read property "step1_activite" on null in C:\Users\aurelien.boisselet\Documents\projet_lmc\LEPC\form\wp-content\plugins\lmc-multistep-form\src\form\step_1.php on line 171
[23-Oct-2025 13:32:27 UTC] PHP Warning:  Undefined array key 0 in C:\Users\aurelien.boisselet\Documents\projet_lmc\LEPC\form\wp-content\plugins\lmc-multistep-form\src\form\step_1.php on line 171
[23-Oct-2025 13:32:27 UTC] PHP Warning:  Attempt to read property "step1_activite" on null in C:\Users\aurelien.boisselet\Documents\projet_lmc\LEPC\form\wp-content\plugins\lmc-multistep-form\src\form\step_1.php on line 171
[23-Oct-2025 13:32:27 UTC] PHP Warning:  Undefined array key 0 in C:\Users\aurelien.boisselet\Documents\projet_lmc\LEPC\form\wp-content\plugins\lmc-multistep-form\src\form\step_1.php on line 171
[23-Oct-2025 13:32:27 UTC] PHP Warning:  Attempt to read property "step1_activite" on null in C:\Users\aurelien.boisselet\Documents\projet_lmc\LEPC\form\wp-content\plugins\lmc-multistep-form\src\form\step_1.php on line 171
[23-Oct-2025 13:32:27 UTC] PHP Warning:  Undefined array key 0 in C:\Users\aurelien.boisselet\Documents\projet_lmc\LEPC\form\wp-content\plugins\lmc-multistep-form\src\form\step_1.php on line 171
[23-Oct-2025 13:32:27 UTC] PHP Warning:  Attempt to read property "step1_activite" on null in C:\Users\aurelien.boisselet\Documents\projet_lmc\LEPC\form\wp-content\plugins\lmc-multistep-form\src\form\step_1.php on line 171
[23-Oct-2025 13:32:27 UTC] PHP Warning:  Undefined array key 0 in C:\Users\aurelien.boisselet\Documents\projet_lmc\LEPC\form\wp-content\plugins\lmc-multistep-form\src\form\step_1.php on line 171
[23-Oct-2025 13:32:27 UTC] PHP Warning:  Attempt to read property "step1_activite" on null in C:\Users\aurelien.boisselet\Documents\projet_lmc\LEPC\form\wp-content\plugins\lmc-multistep-form\src\form\step_1.php on line 171
[23-Oct-2025 13:32:27 UTC] PHP Warning:  Undefined array key 0 in C:\Users\aurelien.boisselet\Documents\projet_lmc\LEPC\form\wp-content\plugins\lmc-multistep-form\src\form\step_1.php on line 171
[23-Oct-2025 13:32:27 UTC] PHP Warning:  Attempt to read property "step1_activite" on null in C:\Users\aurelien.boisselet\Documents\projet_lmc\LEPC\form\wp-content\plugins\lmc-multistep-form\src\form\step_1.php on line 171
[23-Oct-2025 13:32:27 UTC] PHP Warning:  Undefined array key 0 in C:\Users\aurelien.boisselet\Documents\projet_lmc\LEPC\form\wp-content\plugins\lmc-multistep-form\src\form\step_1.php on line 171
[23-Oct-2025 13:32:27 UTC] PHP Warning:  Attempt to read property "step1_activite" on null in C:\Users\aurelien.boisselet\Documents\projet_lmc\LEPC\form\wp-content\plugins\lmc-multistep-form\src\form\step_1.php on line 171
[23-Oct-2025 13:32:27 UTC] PHP Warning:  Undefined array key 0 in C:\Users\aurelien.boisselet\Documents\projet_lmc\LEPC\form\wp-content\plugins\lmc-multistep-form\src\form\step_1.php on line 171
[23-Oct-2025 13:32:27 UTC] PHP Warning:  Attempt to read property "step1_activite" on null in C:\Users\aurelien.boisselet\Documents\projet_lmc\LEPC\form\wp-content\plugins\lmc-multistep-form\src\form\step_1.php on line 171
[23-Oct-2025 13:32:27 UTC] PHP Warning:  Undefined array key 0 in C:\Users\aurelien.boisselet\Documents\projet_lmc\LEPC\form\wp-content\plugins\lmc-multistep-form\src\form\step_1.php on line 171
[23-Oct-2025 13:32:27 UTC] PHP Warning:  Attempt to read property "step1_activite" on null in C:\Users\aurelien.boisselet\Documents\projet_lmc\LEPC\form\wp-content\plugins\lmc-multistep-form\src\form\step_1.php on line 171
[23-Oct-2025 13:32:27 UTC] PHP Warning:  Undefined array key 0 in C:\Users\aurelien.boisselet\Documents\projet_lmc\LEPC\form\wp-content\plugins\lmc-multistep-form\src\form\step_1.php on line 171
[23-Oct-2025 13:32:27 UTC] PHP Warning:  Attempt to read property "step1_activite" on null in C:\Users\aurelien.boisselet\Documents\projet_lmc\LEPC\form\wp-content\plugins\lmc-multistep-form\src\form\step_1.php on line 171
[23-Oct-2025 13:32:27 UTC] PHP Warning:  Undefined array key 0 in C:\Users\aurelien.boisselet\Documents\projet_lmc\LEPC\form\wp-content\plugins\lmc-multistep-form\src\form\step_1.php on line 171
[23-Oct-2025 13:32:27 UTC] PHP Warning:  Attempt to read property "step1_activite" on null in C:\Users\aurelien.boisselet\Documents\projet_lmc\LEPC\form\wp-content\plugins\lmc-multistep-form\src\form\step_1.php on line 171
[23-Oct-2025 13:32:27 UTC] PHP Warning:  Undefined array key 0 in C:\Users\aurelien.boisselet\Documents\projet_lmc\LEPC\form\wp-content\plugins\lmc-multistep-form\src\form\step_1.php on line 171
[23-Oct-2025 13:32:27 UTC] PHP Warning:  Attempt to read property "step1_activite" on null in C:\Users\aurelien.boisselet\Documents\projet_lmc\LEPC\form\wp-content\plugins\lmc-multistep-form\src\form\step_1.php on line 171
[23-Oct-2025 13:32:27 UTC] PHP Warning:  Undefined array key 0 in C:\Users\aurelien.boisselet\Documents\projet_lmc\LEPC\form\wp-content\plugins\lmc-multistep-form\src\form\step_1.php on line 171
[23-Oct-2025 13:32:27 UTC] PHP Warning:  Attempt to read property "step1_activite" on null in C:\Users\aurelien.boisselet\Documents\projet_lmc\LEPC\form\wp-content\plugins\lmc-multistep-form\src\form\step_1.php on line 171
[23-Oct-2025 13:32:27 UTC] PHP Warning:  Undefined array key 0 in C:\Users\aurelien.boisselet\Documents\projet_lmc\LEPC\form\wp-content\plugins\lmc-multistep-form\src\form\step_1.php on line 171
[23-Oct-2025 13:32:27 UTC] PHP Warning:  Attempt to read property "step1_activite" on null in C:\Users\aurelien.boisselet\Documents\projet_lmc\LEPC\form\wp-content\plugins\lmc-multistep-form\src\form\step_1.php on line 171
[23-Oct-2025 13:32:27 UTC] PHP Warning:  Undefined array key 0 in C:\Users\aurelien.boisselet\Documents\projet_lmc\LEPC\form\wp-content\plugins\lmc-multistep-form\src\form\step_1.php on line 171
[23-Oct-2025 13:32:27 UTC] PHP Warning:  Attempt to read property "step1_activite" on null in C:\Users\aurelien.boisselet\Documents\projet_lmc\LEPC\form\wp-content\plugins\lmc-multistep-form\src\form\step_1.php on line 171
[23-Oct-2025 13:32:27 UTC] PHP Warning:  Undefined array key 0 in C:\Users\aurelien.boisselet\Documents\projet_lmc\LEPC\form\wp-content\plugins\lmc-multistep-form\src\form\step_1.php on line 171
[23-Oct-2025 13:32:27 UTC] PHP Warning:  Attempt to read property "step1_activite" on null in C:\Users\aurelien.boisselet\Documents\projet_lmc\LEPC\form\wp-content\plugins\lmc-multistep-form\src\form\step_1.php on line 171
[23-Oct-2025 13:32:27 UTC] PHP Warning:  Undefined array key 0 in C:\Users\aurelien.boisselet\Documents\projet_lmc\LEPC\form\wp-content\plugins\lmc-multistep-form\src\form\step_1.php on line 171
[23-Oct-2025 13:32:27 UTC] PHP Warning:  Attempt to read property "step1_activite" on null in C:\Users\aurelien.boisselet\Documents\projet_lmc\LEPC\form\wp-content\plugins\lmc-multistep-form\src\form\step_1.php on line 171
[23-Oct-2025 13:32:27 UTC] PHP Warning:  Undefined array key 0 in C:\Users\aurelien.boisselet\Documents\projet_lmc\LEPC\form\wp-content\plugins\lmc-multistep-form\src\form\step_1.php on line 171
[23-Oct-2025 13:32:27 UTC] PHP Warning:  Attempt to read property "step1_activite" on null in C:\Users\aurelien.boisselet\Documents\projet_lmc\LEPC\form\wp-content\plugins\lmc-multistep-form\src\form\step_1.php on line 171
[23-Oct-2025 13:32:27 UTC] PHP Warning:  Undefined array key 0 in C:\Users\aurelien.boisselet\Documents\projet_lmc\LEPC\form\wp-content\plugins\lmc-multistep-form\src\form\step_1.php on line 171
[23-Oct-2025 13:32:27 UTC] PHP Warning:  Attempt to read property "step1_activite" on null in C:\Users\aurelien.boisselet\Documents\projet_lmc\LEPC\form\wp-content\plugins\lmc-multistep-form\src\form\step_1.php on line 171
[23-Oct-2025 13:32:27 UTC] PHP Warning:  Undefined array key 0 in C:\Users\aurelien.boisselet\Documents\projet_lmc\LEPC\form\wp-content\plugins\lmc-multistep-form\src\form\step_1.php on line 171
[23-Oct-2025 13:32:27 UTC] PHP Warning:  Attempt to read property "step1_activite" on null in C:\Users\aurelien.boisselet\Documents\projet_lmc\LEPC\form\wp-content\plugins\lmc-multistep-form\src\form\step_1.php on line 171
[23-Oct-2025 13:32:27 UTC] PHP Warning:  Undefined array key 0 in C:\Users\aurelien.boisselet\Documents\projet_lmc\LEPC\form\wp-content\plugins\lmc-multistep-form\src\form\step_1.php on line 171
[23-Oct-2025 13:32:27 UTC] PHP Warning:  Attempt to read property "step1_activite" on null in C:\Users\aurelien.boisselet\Documents\projet_lmc\LEPC\form\wp-content\plugins\lmc-multistep-form\src\form\step_1.php on line 171
[23-Oct-2025 13:32:27 UTC] PHP Warning:  Undefined array key 0 in C:\Users\aurelien.boisselet\Documents\projet_lmc\LEPC\form\wp-content\plugins\lmc-multistep-form\src\form\step_1.php on line 171
[23-Oct-2025 13:32:27 UTC] PHP Warning:  Attempt to read property "step1_activite" on null in C:\Users\aurelien.boisselet\Documents\projet_lmc\LEPC\form\wp-content\plugins\lmc-multistep-form\src\form\step_1.php on line 171
[23-Oct-2025 13:32:27 UTC] PHP Warning:  Undefined array key 0 in C:\Users\aurelien.boisselet\Documents\projet_lmc\LEPC\form\wp-content\plugins\lmc-multistep-form\src\form\step_1.php on line 171
[23-Oct-2025 13:32:27 UTC] PHP Warning:  Attempt to read property "step1_activite" on null in C:\Users\aurelien.boisselet\Documents\projet_lmc\LEPC\form\wp-content\plugins\lmc-multistep-form\src\form\step_1.php on line 171
[23-Oct-2025 13:32:27 UTC] PHP Warning:  Undefined array key 0 in C:\Users\aurelien.boisselet\Documents\projet_lmc\LEPC\form\wp-content\plugins\lmc-multistep-form\src\form\step_1.php on line 171
[23-Oct-2025 13:32:27 UTC] PHP Warning:  Attempt to read property "step1_activite" on null in C:\Users\aurelien.boisselet\Documents\projet_lmc\LEPC\form\wp-content\plugins\lmc-multistep-form\src\form\step_1.php on line 171
[23-Oct-2025 13:32:27 UTC] PHP Warning:  Undefined array key 0 in C:\Users\aurelien.boisselet\Documents\projet_lmc\LEPC\form\wp-content\plugins\lmc-multistep-form\src\form\step_1.php on line 171
[23-Oct-2025 13:32:27 UTC] PHP Warning:  Attempt to read property "step1_activite" on null in C:\Users\aurelien.boisselet\Documents\projet_lmc\LEPC\form\wp-content\plugins\lmc-multistep-form\src\form\step_1.php on line 171
[23-Oct-2025 13:32:27 UTC] PHP Warning:  Undefined array key 0 in C:\Users\aurelien.boisselet\Documents\projet_lmc\LEPC\form\wp-content\plugins\lmc-multistep-form\src\form\step_1.php on line 171
[23-Oct-2025 13:32:27 UTC] PHP Warning:  Attempt to read property "step1_activite" on null in C:\Users\aurelien.boisselet\Documents\projet_lmc\LEPC\form\wp-content\plugins\lmc-multistep-form\src\form\step_1.php on line 171
[23-Oct-2025 13:32:27 UTC] PHP Warning:  Undefined array key 0 in C:\Users\aurelien.boisselet\Documents\projet_lmc\LEPC\form\wp-content\plugins\lmc-multistep-form\src\form\step_1.php on line 171
[23-Oct-2025 13:32:27 UTC] PHP Warning:  Attempt to read property "step1_activite" on null in C:\Users\aurelien.boisselet\Documents\projet_lmc\LEPC\form\wp-content\plugins\lmc-multistep-form\src\form\step_1.php on line 171
[23-Oct-2025 13:32:27 UTC] PHP Warning:  Undefined array key 0 in C:\Users\aurelien.boisselet\Documents\projet_lmc\LEPC\form\wp-content\plugins\lmc-multistep-form\src\form\step_1.php on line 171
[23-Oct-2025 13:32:27 UTC] PHP Warning:  Attempt to read property "step1_activite" on null in C:\Users\aurelien.boisselet\Documents\projet_lmc\LEPC\form\wp-content\plugins\lmc-multistep-form\src\form\step_1.php on line 171
[23-Oct-2025 13:32:27 UTC] PHP Warning:  Undefined array key 0 in C:\Users\aurelien.boisselet\Documents\projet_lmc\LEPC\form\wp-content\plugins\lmc-multistep-form\src\form\step_1.php on line 171
[23-Oct-2025 13:32:27 UTC] PHP Warning:  Attempt to read property "step1_activite" on null in C:\Users\aurelien.boisselet\Documents\projet_lmc\LEPC\form\wp-content\plugins\lmc-multistep-form\src\form\step_1.php on line 171
[23-Oct-2025 13:32:27 UTC] PHP Warning:  Undefined array key 0 in C:\Users\aurelien.boisselet\Documents\projet_lmc\LEPC\form\wp-content\plugins\lmc-multistep-form\src\form\step_1.php on line 171
[23-Oct-2025 13:32:27 UTC] PHP Warning:  Attempt to read property "step1_activite" on null in C:\Users\aurelien.boisselet\Documents\projet_lmc\LEPC\form\wp-content\plugins\lmc-multistep-form\src\form\step_1.php on line 171
[23-Oct-2025 13:32:27 UTC] PHP Warning:  Undefined array key 0 in C:\Users\aurelien.boisselet\Documents\projet_lmc\LEPC\form\wp-content\plugins\lmc-multistep-form\src\form\step_1.php on line 171
[23-Oct-2025 13:32:27 UTC] PHP Warning:  Attempt to read property "step1_activite" on null in C:\Users\aurelien.boisselet\Documents\projet_lmc\LEPC\form\wp-content\plugins\lmc-multistep-form\src\form\step_1.php on line 171
[23-Oct-2025 13:32:27 UTC] PHP Warning:  Undefined array key 0 in C:\Users\aurelien.boisselet\Documents\projet_lmc\LEPC\form\wp-content\plugins\lmc-multistep-form\src\form\step_1.php on line 171
[23-Oct-2025 13:32:27 UTC] PHP Warning:  Attempt to read property "step1_activite" on null in C:\Users\aurelien.boisselet\Documents\projet_lmc\LEPC\form\wp-content\plugins\lmc-multistep-form\src\form\step_1.php on line 171
[23-Oct-2025 13:32:27 UTC] PHP Warning:  Undefined array key 0 in C:\Users\aurelien.boisselet\Documents\projet_lmc\LEPC\form\wp-content\plugins\lmc-multistep-form\src\form\step_1.php on line 171
[23-Oct-2025 13:32:27 UTC] PHP Warning:  Attempt to read property "step1_activite" on null in C:\Users\aurelien.boisselet\Documents\projet_lmc\LEPC\form\wp-content\plugins\lmc-multistep-form\src\form\step_1.php on line 171
[23-Oct-2025 13:32:27 UTC] PHP Warning:  Undefined array key 0 in C:\Users\aurelien.boisselet\Documents\projet_lmc\LEPC\form\wp-content\plugins\lmc-multistep-form\src\form\step_1.php on line 191
[23-Oct-2025 13:32:27 UTC] PHP Warning:  Attempt to read property "step1_structure" on null in C:\Users\aurelien.boisselet\Documents\projet_lmc\LEPC\form\wp-content\plugins\lmc-multistep-form\src\form\step_1.php on line 191
[23-Oct-2025 13:32:27 UTC] PHP Warning:  Undefined array key 0 in C:\Users\aurelien.boisselet\Documents\projet_lmc\LEPC\form\wp-content\plugins\lmc-multistep-form\src\form\step_1.php on line 191
[23-Oct-2025 13:32:27 UTC] PHP Warning:  Attempt to read property "step1_structure" on null in C:\Users\aurelien.boisselet\Documents\projet_lmc\LEPC\form\wp-content\plugins\lmc-multistep-form\src\form\step_1.php on line 191
[23-Oct-2025 13:32:27 UTC] PHP Warning:  Undefined array key 0 in C:\Users\aurelien.boisselet\Documents\projet_lmc\LEPC\form\wp-content\plugins\lmc-multistep-form\src\form\step_1.php on line 191
[23-Oct-2025 13:32:27 UTC] PHP Warning:  Attempt to read property "step1_structure" on null in C:\Users\aurelien.boisselet\Documents\projet_lmc\LEPC\form\wp-content\plugins\lmc-multistep-form\src\form\step_1.php on line 191
[23-Oct-2025 13:32:27 UTC] PHP Warning:  Undefined array key 0 in C:\Users\aurelien.boisselet\Documents\projet_lmc\LEPC\form\wp-content\plugins\lmc-multistep-form\src\form\step_1.php on line 191
[23-Oct-2025 13:32:27 UTC] PHP Warning:  Attempt to read property "step1_structure" on null in C:\Users\aurelien.boisselet\Documents\projet_lmc\LEPC\form\wp-content\plugins\lmc-multistep-form\src\form\step_1.php on line 191
[23-Oct-2025 13:32:27 UTC] PHP Warning:  Undefined array key 0 in C:\Users\aurelien.boisselet\Documents\projet_lmc\LEPC\form\wp-content\plugins\lmc-multistep-form\src\form\step_1.php on line 191
[23-Oct-2025 13:32:27 UTC] PHP Warning:  Attempt to read property "step1_structure" on null in C:\Users\aurelien.boisselet\Documents\projet_lmc\LEPC\form\wp-content\plugins\lmc-multistep-form\src\form\step_1.php on line 191
[23-Oct-2025 13:32:27 UTC] PHP Warning:  Undefined array key 0 in C:\Users\aurelien.boisselet\Documents\projet_lmc\LEPC\form\wp-content\plugins\lmc-multistep-form\src\form\step_1.php on line 191
[23-Oct-2025 13:32:27 UTC] PHP Warning:  Attempt to read property "step1_structure" on null in C:\Users\aurelien.boisselet\Documents\projet_lmc\LEPC\form\wp-content\plugins\lmc-multistep-form\src\form\step_1.php on line 191
[23-Oct-2025 13:32:27 UTC] PHP Warning:  Undefined array key 0 in C:\Users\aurelien.boisselet\Documents\projet_lmc\LEPC\form\wp-content\plugins\lmc-multistep-form\src\form\step_1.php on line 211
[23-Oct-2025 13:32:27 UTC] PHP Warning:  Attempt to read property "step1_connaissance" on null in C:\Users\aurelien.boisselet\Documents\projet_lmc\LEPC\form\wp-content\plugins\lmc-multistep-form\src\form\step_1.php on line 211
[23-Oct-2025 13:32:27 UTC] PHP Warning:  Undefined array key 0 in C:\Users\aurelien.boisselet\Documents\projet_lmc\LEPC\form\wp-content\plugins\lmc-multistep-form\src\form\step_1.php on line 211
[23-Oct-2025 13:32:27 UTC] PHP Warning:  Attempt to read property "step1_connaissance" on null in C:\Users\aurelien.boisselet\Documents\projet_lmc\LEPC\form\wp-content\plugins\lmc-multistep-form\src\form\step_1.php on line 211
[23-Oct-2025 13:32:27 UTC] PHP Warning:  Undefined array key 0 in C:\Users\aurelien.boisselet\Documents\projet_lmc\LEPC\form\wp-content\plugins\lmc-multistep-form\src\form\step_1.php on line 211
[23-Oct-2025 13:32:27 UTC] PHP Warning:  Attempt to read property "step1_connaissance" on null in C:\Users\aurelien.boisselet\Documents\projet_lmc\LEPC\form\wp-content\plugins\lmc-multistep-form\src\form\step_1.php on line 211
[23-Oct-2025 13:32:27 UTC] PHP Warning:  Undefined array key 0 in C:\Users\aurelien.boisselet\Documents\projet_lmc\LEPC\form\wp-content\plugins\lmc-multistep-form\src\form\step_1.php on line 211
[23-Oct-2025 13:32:27 UTC] PHP Warning:  Attempt to read property "step1_connaissance" on null in C:\Users\aurelien.boisselet\Documents\projet_lmc\LEPC\form\wp-content\plugins\lmc-multistep-form\src\form\step_1.php on line 211
[23-Oct-2025 13:32:27 UTC] PHP Warning:  Undefined array key 0 in C:\Users\aurelien.boisselet\Documents\projet_lmc\LEPC\form\wp-content\plugins\lmc-multistep-form\src\form\step_1.php on line 211
[23-Oct-2025 13:32:27 UTC] PHP Warning:  Attempt to read property "step1_connaissance" on null in C:\Users\aurelien.boisselet\Documents\projet_lmc\LEPC\form\wp-content\plugins\lmc-multistep-form\src\form\step_1.php on line 211
[23-Oct-2025 13:32:27 UTC] PHP Warning:  Undefined array key 0 in C:\Users\aurelien.boisselet\Documents\projet_lmc\LEPC\form\wp-content\plugins\lmc-multistep-form\src\form\step_1.php on line 211
[23-Oct-2025 13:32:27 UTC] PHP Warning:  Attempt to read property "step1_connaissance" on null in C:\Users\aurelien.boisselet\Documents\projet_lmc\LEPC\form\wp-content\plugins\lmc-multistep-form\src\form\step_1.php on line 211
